[18:24:05] [main/INFO]: Logging in with username & password
[18:24:17] [main/INFO]: Setting user: Lava_Ingot
[18:24:25] [main/WARN]: Skipping bad option: lastServer:
[18:24:25] [main/INFO]: LWJGL Version: 2.9.4
[18:24:35] [main/INFO]: Reloading ResourceManager: Default, FMLFileResourcePack:Forge Mod Loader, FMLFileResourcePack:Minecraft Forge, FMLFileResourcePack:More Metals Mod
[18:24:46] [Sound Library Loader/INFO]: Starting up SoundSystem...
[18:24:47] [Thread-5/INFO]: Initializing LWJGL OpenAL
[18:24:47] [Thread-5/INFO]: (The LWJGL binding of OpenAL.  For more information, see http://www.lwjgl.org)
[18:24:47] [Thread-5/INFO]: OpenAL initialized.
[18:24:47] [Sound Library Loader/INFO]: Sound engine started
[18:25:03] [main/INFO]: Created: 8192x4096 textures-atlas
[18:25:11] [main/WARN]: Skipping bad option: lastServer:
[18:25:12] [main/INFO]: Narrator library for x64 successfully loaded
[19:19:35] [Server thread/INFO]: Starting integrated minecraft server version 1.12.2
[19:19:35] [Server thread/INFO]: Generating keypair
[19:19:37] [Server thread/INFO]: Loaded 488 advancements
[19:19:38] [Server thread/INFO]: Preparing start region for level 0
[19:19:39] [Server thread/INFO]: Changing view distance to 8, from 10
[19:19:42] [Server thread/INFO]: Lava_Ingot[local:E:ea50fb31] logged in with entity id 3 at (1175.8040782523908, 56.0, -947.830374061001)
[19:19:42] [Server thread/INFO]: Lava_Ingot joined the game
[19:19:43] [Server thread/INFO]: Saving and pausing game...
[19:19:45] [Server thread/INFO]: Saving chunks for level 'Regular Testing'/overworld
[19:19:45] [Server thread/INFO]: Saving chunks for level 'Regular Testing'/the_nether
[19:19:45] [Server thread/INFO]: Saving chunks for level 'Regular Testing'/the_end
[19:19:45] [main/INFO]: Loaded 32 advancements
[19:19:48] [Server thread/WARN]: Can't keep up! Did the system time change, or is the server overloaded? Running 2028ms behind, skipping 40 tick(s)
[19:20:35] [main/INFO]: [CHAT] minersdream:pickaxe_bismuth, minersdream:pickaxe_copper, minersdream:pickaxe_uranium
[19:20:35] [main/INFO]: [CHAT] minersdream:pickaxe_bismuth, minersdream:pickaxe_copper, minersdream:pickaxe_uranium
[19:20:36] [main/INFO]: [CHAT] minersdream:pickaxe_bismuth, minersdream:pickaxe_copper, minersdream:pickaxe_uranium
[19:20:40] [Server thread/INFO]: [Lava_Ingot: Given [Uranium Pickaxe] * 1 to Lava_Ingot]
[19:20:40] [main/INFO]: [CHAT] Given [Uranium Pickaxe] * 1 to Lava_Ingot
[19:25:19] [Server thread/INFO]: [Lava_Ingot: Given [Uranium Pickaxe] * 1 to Lava_Ingot]
[19:25:19] [main/INFO]: [CHAT] Given [Uranium Pickaxe] * 1 to Lava_Ingot
