[16:38:48] [main/INFO]: Logging in with username & password
[16:38:56] [main/INFO]: Setting user: Lava_Ingot
[16:39:04] [main/WARN]: Skipping bad option: lastServer:
[16:39:04] [main/INFO]: LWJGL Version: 2.9.4
[16:39:12] [main/INFO]: Reloading ResourceManager: Default, FMLFileResourcePack:Forge Mod Loader, FMLFileResourcePack:Minecraft Forge, FMLFileResourcePack:More Metals Mod, FMLFileResourcePack:CodeChicken Lib, FMLFileResourcePack:Just Enough Items, FMLFileResourcePack:Not Enough Items, FMLFileResourcePack:WorldEdit
[16:39:21] [Sound Library Loader/INFO]: Starting up SoundSystem...
[16:39:22] [Thread-5/INFO]: Initializing LWJGL OpenAL
[16:39:22] [Thread-5/INFO]: (The LWJGL binding of OpenAL.  For more information, see http://www.lwjgl.org)
[16:39:22] [Thread-5/INFO]: OpenAL initialized.
[16:39:22] [Sound Library Loader/INFO]: Sound engine started
[16:39:40] [main/INFO]: Created: 8192x8192 textures-atlas
[16:39:42] [main/WARN]: Unable to resolve texture due to upward reference: #torch in minecraft:models/block/torch
[16:39:51] [main/WARN]: Skipping bad option: lastServer:
[16:39:51] [main/INFO]: Narrator library for x64 successfully loaded
[16:40:50] [Server thread/INFO]: Starting integrated minecraft server version 1.12.2
[16:40:50] [Server thread/INFO]: Generating keypair
[16:40:53] [Server thread/INFO]: Loaded 488 advancements
[16:40:53] [Server thread/INFO]: Preparing start region for level 0
[16:40:54] [Server thread/INFO]: Preparing spawn area: 96%
[16:40:54] [Server thread/INFO]: Changing view distance to 8, from 10
[16:40:56] [Server thread/INFO]: Lava_Ingot[local:E:36d9ff38] logged in with entity id 133 at (1196.4676438541908, 56.0, -980.4317425221915)
[16:40:56] [Server thread/INFO]: Lava_Ingot joined the game
[16:40:58] [Server thread/INFO]: Saving and pausing game...
[16:40:58] [Server thread/INFO]: Saving chunks for level 'Regular Testing'/overworld
[16:40:58] [Server thread/INFO]: Saving chunks for level 'Regular Testing'/the_nether
[16:40:58] [Server thread/INFO]: Saving chunks for level 'Regular Testing'/the_end
[16:40:59] [main/INFO]: [CHAT] §2You have the ability to fly now!
[16:40:59] [main/INFO]: Loaded 47 advancements
[16:41:01] [Server thread/INFO]: Stopping server
[16:41:01] [Server thread/INFO]: Saving players
[16:41:01] [Server thread/INFO]: Saving worlds
[16:41:01] [Server thread/INFO]: Saving chunks for level 'Regular Testing'/overworld
[16:41:01] [Server thread/INFO]: Saving chunks for level 'Regular Testing'/the_nether
[16:41:01] [Server thread/INFO]: Saving chunks for level 'Regular Testing'/the_end
[16:41:03] [main/FATAL]: Reported exception thrown!
net.minecraft.util.ReportedException: Ticking entity
	at net.minecraft.world.World.updateEntities(World.java:1940) ~[World.class:?]
	at net.minecraft.client.Minecraft.runTick(Minecraft.java:1972) ~[Minecraft.class:?]
	at net.minecraft.client.Minecraft.runGameLoop(Minecraft.java:1186) ~[Minecraft.class:?]
	at net.minecraft.client.Minecraft.run(Minecraft.java:441) [Minecraft.class:?]
	at net.minecraft.client.main.Main.main(Main.java:118) [Main.class:?]
	at sun.reflect.NativeMethodAccessorImpl.invoke0(Native Method) ~[?:1.8.0_151]
	at sun.reflect.NativeMethodAccessorImpl.invoke(Unknown Source) ~[?:1.8.0_151]
	at sun.reflect.DelegatingMethodAccessorImpl.invoke(Unknown Source) ~[?:1.8.0_151]
	at java.lang.reflect.Method.invoke(Unknown Source) ~[?:1.8.0_151]
	at net.minecraft.launchwrapper.Launch.launch(Launch.java:135) [launchwrapper-1.12.jar:?]
	at net.minecraft.launchwrapper.Launch.main(Launch.java:28) [launchwrapper-1.12.jar:?]
	at sun.reflect.NativeMethodAccessorImpl.invoke0(Native Method) ~[?:1.8.0_151]
	at sun.reflect.NativeMethodAccessorImpl.invoke(Unknown Source) ~[?:1.8.0_151]
	at sun.reflect.DelegatingMethodAccessorImpl.invoke(Unknown Source) ~[?:1.8.0_151]
	at java.lang.reflect.Method.invoke(Unknown Source) ~[?:1.8.0_151]
	at net.minecraftforge.gradle.GradleStartCommon.launch(GradleStartCommon.java:97) [start/:?]
	at GradleStart.main(GradleStart.java:26) [start/:?]
Caused by: java.util.ConcurrentModificationException
	at java.util.ArrayList$Itr.checkForComodification(Unknown Source) ~[?:1.8.0_151]
	at java.util.ArrayList$Itr.next(Unknown Source) ~[?:1.8.0_151]
	at com.lavaingot.minersdream.util.Events.onPlayerTick(Events.java:145) ~[Events.class:?]
	at net.minecraftforge.fml.common.eventhandler.ASMEventHandler_13_Events_onPlayerTick_PlayerTickEvent.invoke(.dynamic) ~[?:?]
	at net.minecraftforge.fml.common.eventhandler.ASMEventHandler.invoke(ASMEventHandler.java:90) ~[ASMEventHandler.class:?]
	at net.minecraftforge.fml.common.eventhandler.EventBus.post(EventBus.java:179) ~[EventBus.class:?]
	at net.minecraftforge.fml.common.FMLCommonHandler.onPlayerPostTick(FMLCommonHandler.java:368) ~[FMLCommonHandler.class:?]
	at net.minecraft.entity.player.EntityPlayer.updateSize(EntityPlayer.java:416) ~[EntityPlayer.class:?]
	at net.minecraft.entity.player.EntityPlayer.onUpdate(EntityPlayer.java:326) ~[EntityPlayer.class:?]
	at net.minecraft.client.entity.EntityPlayerSP.onUpdate(EntityPlayerSP.java:230) ~[EntityPlayerSP.class:?]
	at net.minecraft.world.World.updateEntityWithOptionalForce(World.java:2164) ~[World.class:?]
	at net.minecraft.world.World.updateEntity(World.java:2123) ~[World.class:?]
	at net.minecraft.world.World.updateEntities(World.java:1927) ~[World.class:?]
	... 16 more
