[17:15:29] [main/INFO]: Logging in with username & password
[17:15:36] [main/INFO]: Setting user: Lava_Ingot
[17:15:44] [main/WARN]: Skipping bad option: lastServer:
[17:15:44] [main/INFO]: LWJGL Version: 2.9.4
[17:15:54] [main/INFO]: Reloading ResourceManager: Default, FMLFileResourcePack:Forge Mod Loader, FMLFileResourcePack:Minecraft Forge, FMLFileResourcePack:More Metals Mod, FMLFileResourcePack:CodeChicken Lib, FMLFileResourcePack:Just Enough Items, FMLFileResourcePack:Not Enough Items, FMLFileResourcePack:WorldEdit
[17:16:03] [Sound Library Loader/INFO]: Starting up SoundSystem...
[17:16:04] [Thread-5/INFO]: Initializing LWJGL OpenAL
[17:16:04] [Thread-5/INFO]: (The LWJGL binding of OpenAL.  For more information, see http://www.lwjgl.org)
[17:16:04] [Thread-5/INFO]: OpenAL initialized.
[17:16:04] [Sound Library Loader/INFO]: Sound engine started
[17:16:22] [main/INFO]: Created: 8192x8192 textures-atlas
[17:16:24] [main/WARN]: Unable to resolve texture due to upward reference: #torch in minecraft:models/block/torch
[17:16:32] [main/WARN]: Skipping bad option: lastServer:
[17:16:33] [main/INFO]: Narrator library for x64 successfully loaded
[17:16:40] [Server thread/INFO]: Starting integrated minecraft server version 1.12.2
[17:16:40] [Server thread/INFO]: Generating keypair
[17:16:43] [Server thread/INFO]: Loaded 488 advancements
[17:16:43] [Server thread/INFO]: Preparing start region for level 0
[17:16:44] [Server thread/INFO]: Changing view distance to 8, from 10
[17:16:46] [Server thread/INFO]: Lava_Ingot[local:E:658e42f6] logged in with entity id 137 at (1236.467559570792, 56.0, -982.8355554854502)
[17:16:46] [Server thread/INFO]: Lava_Ingot joined the game
[17:16:48] [Server thread/INFO]: Saving and pausing game...
[17:16:48] [Server thread/INFO]: Saving chunks for level 'Regular Testing'/overworld
[17:16:49] [Server thread/INFO]: Saving chunks for level 'Regular Testing'/the_nether
[17:16:49] [Server thread/INFO]: Saving chunks for level 'Regular Testing'/the_end
[17:16:49] [main/INFO]: Loaded 47 advancements
[17:18:26] [Server thread/INFO]: [Lava_Ingot: Given [Uranium Helmet] * 1 to Lava_Ingot]
[17:18:26] [main/INFO]: [CHAT] Given [Uranium Helmet] * 1 to Lava_Ingot
[17:18:27] [Server thread/INFO]: [Lava_Ingot: Given [Uranium Leggings] * 1 to Lava_Ingot]
[17:18:27] [main/INFO]: [CHAT] Given [Uranium Leggings] * 1 to Lava_Ingot
[17:18:28] [Server thread/INFO]: [Lava_Ingot: Given [Uranium Chestplate] * 1 to Lava_Ingot]
[17:18:28] [main/INFO]: [CHAT] Given [Uranium Chestplate] * 1 to Lava_Ingot
[17:18:31] [Server thread/INFO]: [Lava_Ingot: Given [Uranium Boots] * 1 to Lava_Ingot]
[17:18:31] [main/INFO]: [CHAT] Given [Uranium Boots] * 1 to Lava_Ingot
[17:18:33] [main/INFO]: [CHAT] §2You have the ability to fly now!
[17:18:52] [Server thread/INFO]: [Lava_Ingot: Given [item.helmet_tin.name] * 1 to Lava_Ingot]
[17:18:52] [main/INFO]: [CHAT] Given [item.helmet_tin.name] * 1 to Lava_Ingot
[17:18:53] [Server thread/INFO]: [Lava_Ingot: Given [item.helmet_aluminium.name] * 1 to Lava_Ingot]
[17:18:53] [main/INFO]: [CHAT] Given [item.helmet_aluminium.name] * 1 to Lava_Ingot
[17:18:55] [Server thread/INFO]: [Lava_Ingot: Given [item.helmet_platinum.name] * 1 to Lava_Ingot]
[17:18:55] [main/INFO]: [CHAT] Given [item.helmet_platinum.name] * 1 to Lava_Ingot
[17:18:56] [Server thread/INFO]: [Lava_Ingot: Given [item.helmet_tungsten.name] * 1 to Lava_Ingot]
[17:18:56] [main/INFO]: [CHAT] Given [item.helmet_tungsten.name] * 1 to Lava_Ingot
[17:19:02] [Server thread/INFO]: [Lava_Ingot: Given [item.chestplate_aluminium.name] * 1 to Lava_Ingot]
[17:19:02] [main/INFO]: [CHAT] Given [item.chestplate_aluminium.name] * 1 to Lava_Ingot
[17:19:03] [Server thread/INFO]: [Lava_Ingot: Given [item.chestplate_platinum.name] * 1 to Lava_Ingot]
[17:19:03] [main/INFO]: [CHAT] Given [item.chestplate_platinum.name] * 1 to Lava_Ingot
[17:19:04] [Server thread/INFO]: [Lava_Ingot: Given [item.chestplate_tungsten.name] * 1 to Lava_Ingot]
[17:19:04] [main/INFO]: [CHAT] Given [item.chestplate_tungsten.name] * 1 to Lava_Ingot
[17:19:05] [Server thread/INFO]: [Lava_Ingot: Given [item.chestplate_tin.name] * 1 to Lava_Ingot]
[17:19:05] [main/INFO]: [CHAT] Given [item.chestplate_tin.name] * 1 to Lava_Ingot
[17:19:26] [Server thread/INFO]: [Lava_Ingot: Given [Uranium Leggings] * 1 to Lava_Ingot]
[17:19:26] [main/INFO]: [CHAT] Given [Uranium Leggings] * 1 to Lava_Ingot
[17:19:27] [Server thread/INFO]: [Lava_Ingot: Given [item.leggings_aluminium.name] * 1 to Lava_Ingot]
[17:19:27] [main/INFO]: [CHAT] Given [item.leggings_aluminium.name] * 1 to Lava_Ingot
[17:19:27] [Server thread/INFO]: [Lava_Ingot: Given [item.leggings_platinum.name] * 1 to Lava_Ingot]
[17:19:27] [main/INFO]: [CHAT] Given [item.leggings_platinum.name] * 1 to Lava_Ingot
[17:19:28] [Server thread/INFO]: [Lava_Ingot: Given [item.leggings_tin.name] * 1 to Lava_Ingot]
[17:19:28] [main/INFO]: [CHAT] Given [item.leggings_tin.name] * 1 to Lava_Ingot
[17:19:28] [Server thread/INFO]: [Lava_Ingot: Given [item.leggings_tungsten.name] * 1 to Lava_Ingot]
[17:19:28] [main/INFO]: [CHAT] Given [item.leggings_tungsten.name] * 1 to Lava_Ingot
[17:19:30] [Server thread/INFO]: [@: Killed item.item.leggings_uranium]
[17:19:36] [Server thread/INFO]: [Lava_Ingot: Given [item.boots_tin.name] * 1 to Lava_Ingot]
[17:19:36] [main/INFO]: [CHAT] Given [item.boots_tin.name] * 1 to Lava_Ingot
[17:19:37] [Server thread/INFO]: [Lava_Ingot: Given [item.boots_tungsten.name] * 1 to Lava_Ingot]
[17:19:37] [main/INFO]: [CHAT] Given [item.boots_tungsten.name] * 1 to Lava_Ingot
[17:19:38] [Server thread/INFO]: [Lava_Ingot: Given [item.boots_platinum.name] * 1 to Lava_Ingot]
[17:19:38] [main/INFO]: [CHAT] Given [item.boots_platinum.name] * 1 to Lava_Ingot
[17:19:42] [Server thread/INFO]: [Lava_Ingot: Given [item.boots_aluminium.name] * 1 to Lava_Ingot]
[17:19:42] [main/INFO]: [CHAT] Given [item.boots_aluminium.name] * 1 to Lava_Ingot
[17:21:12] [Server thread/INFO]: [Lava_Ingot: Given [Bismuth Block] * 64 to Lava_Ingot]
[17:21:12] [main/INFO]: [CHAT] Given [Bismuth Block] * 64 to Lava_Ingot
[17:21:49] [main/INFO]: Stopping!
[17:21:50] [Server thread/INFO]: Stopping server
[17:21:50] [Server thread/INFO]: Saving players
[17:21:50] [Server thread/INFO]: Saving worlds
[17:21:50] [Server thread/INFO]: Saving chunks for level 'Regular Testing'/overworld
[17:21:50] [Server thread/INFO]: Saving chunks for level 'Regular Testing'/the_nether
[17:21:50] [Server thread/INFO]: Saving chunks for level 'Regular Testing'/the_end
[17:21:50] [main/INFO]: SoundSystem shutting down...
[17:21:50] [main/WARN]: Author: Paul Lamb, www.paulscode.com
