[16:41:47] [main/INFO]: Logging in with username & password
[16:41:57] [main/INFO]: Setting user: Lava_Ingot
[16:42:04] [main/WARN]: Skipping bad option: lastServer:
[16:42:04] [main/INFO]: LWJGL Version: 2.9.4
[16:42:14] [main/INFO]: Reloading ResourceManager: Default, FMLFileResourcePack:Forge Mod Loader, FMLFileResourcePack:Minecraft Forge, FMLFileResourcePack:More Metals Mod, FMLFileResourcePack:CodeChicken Lib, FMLFileResourcePack:Just Enough Items, FMLFileResourcePack:Not Enough Items, FMLFileResourcePack:WorldEdit
[16:42:23] [Sound Library Loader/INFO]: Starting up SoundSystem...
[16:42:24] [Thread-5/INFO]: Initializing LWJGL OpenAL
[16:42:24] [Thread-5/INFO]: (The LWJGL binding of OpenAL.  For more information, see http://www.lwjgl.org)
[16:42:24] [Thread-5/INFO]: OpenAL initialized.
[16:42:24] [Sound Library Loader/INFO]: Sound engine started
[16:42:42] [main/INFO]: Created: 8192x8192 textures-atlas
[16:42:43] [main/WARN]: Unable to resolve texture due to upward reference: #torch in minecraft:models/block/torch
[16:42:53] [main/WARN]: Skipping bad option: lastServer:
[16:42:53] [main/INFO]: Narrator library for x64 successfully loaded
[16:43:49] [Server thread/INFO]: Starting integrated minecraft server version 1.12.2
[16:43:49] [Server thread/INFO]: Generating keypair
[16:43:52] [Server thread/INFO]: Loaded 488 advancements
[16:43:53] [Server thread/INFO]: Preparing start region for level 0
[16:43:54] [Server thread/INFO]: Preparing spawn area: 88%
[16:43:54] [Server thread/INFO]: Changing view distance to 8, from 10
[16:43:56] [Server thread/INFO]: Lava_Ingot[local:E:ad5870b5] logged in with entity id 133 at (1196.4676438541908, 56.0, -980.4317425221915)
[16:43:56] [Server thread/INFO]: Lava_Ingot joined the game
[16:43:58] [Server thread/INFO]: Saving and pausing game...
[16:43:58] [Server thread/INFO]: Saving chunks for level 'Regular Testing'/overworld
[16:43:58] [main/INFO]: [CHAT] §2You have the ability to fly now!
[16:43:58] [Server thread/INFO]: Saving chunks for level 'Regular Testing'/the_nether
[16:43:58] [main/INFO]: Loaded 47 advancements
[16:43:58] [Server thread/INFO]: Saving chunks for level 'Regular Testing'/the_end
[16:43:59] [Server thread/WARN]: Can't keep up! Did the system time change, or is the server overloaded? Running 2729ms behind, skipping 54 tick(s)
[16:44:09] [Server thread/INFO]: death.attack.radiation
[16:44:09] [Server thread/INFO]: [@: Killed item.item.boots_uranium]
[16:44:09] [Server thread/INFO]: [@: Killed item.item.leggings_uranium]
[16:44:09] [Server thread/INFO]: [@: Killed item.item.chestplate_uranium]
[16:44:09] [Server thread/INFO]: [@: Killed item.item.helmet_uranium]
[16:44:09] [main/INFO]: [CHAT] death.attack.radiation
[16:44:09] [main/INFO]: [CHAT] §4You cannot fly anymore...
[16:44:21] [main/INFO]: Stopping!
[16:44:21] [Server thread/INFO]: Stopping server
[16:44:21] [Server thread/INFO]: Saving players
[16:44:21] [Server thread/INFO]: Lava_Ingot lost connection: Server closed
[16:44:21] [Server thread/INFO]: Lava_Ingot left the game
[16:44:21] [Server thread/INFO]: Stopping singleplayer server as player logged out
[16:44:21] [Server thread/INFO]: Saving worlds
[16:44:21] [Server thread/INFO]: Saving chunks for level 'Regular Testing'/overworld
[16:44:21] [Server thread/INFO]: Saving chunks for level 'Regular Testing'/the_nether
[16:44:21] [Server thread/INFO]: Saving chunks for level 'Regular Testing'/the_end
[16:44:22] [main/INFO]: SoundSystem shutting down...
[16:44:22] [main/WARN]: Author: Paul Lamb, www.paulscode.com
