[11:41:55] [main/INFO]: Setting user: Player563
[11:42:01] [main/WARN]: Skipping bad option: lastServer:
[11:42:01] [main/INFO]: LWJGL Version: 2.9.4
[11:42:09] [main/INFO]: Reloading ResourceManager: Default, FMLFileResourcePack:Forge Mod Loader, FMLFileResourcePack:Minecraft Forge, FMLFileResourcePack:Miners Dream, FMLFileResourcePack:CodeChicken Lib, FMLFileResourcePack:Just Enough Items, FMLFileResourcePack:Not Enough Items, FMLFileResourcePack:WorldEdit
[11:42:19] [Sound Library Loader/INFO]: Starting up SoundSystem...
[11:42:19] [Thread-5/INFO]: Initializing LWJGL OpenAL
[11:42:19] [Thread-5/INFO]: (The LWJGL binding of OpenAL.  For more information, see http://www.lwjgl.org)
[11:42:20] [Thread-5/INFO]: OpenAL initialized.
[11:42:20] [Sound Library Loader/INFO]: Sound engine started
[11:42:39] [main/INFO]: Created: 8192x8192 textures-atlas
[11:42:42] [main/WARN]: Unable to resolve texture due to upward reference: #torch in minecraft:models/block/torch
[11:42:50] [main/WARN]: Skipping bad option: lastServer:
[11:42:50] [main/INFO]: Narrator library for x64 successfully loaded
[11:42:57] [Thread-5/ERROR]: Error in class 'SourceLWJGL OpenAL'
[11:42:57] [Thread-5/ERROR]: Channel null in method 'stop'
[11:42:58] [Server thread/INFO]: Starting integrated minecraft server version 1.12.2
[11:42:58] [Server thread/INFO]: Generating keypair
[11:43:02] [Server thread/INFO]: Loaded 488 advancements
[11:43:02] [Server thread/INFO]: Preparing start region for level 0
[11:43:03] [Server thread/INFO]: Preparing spawn area: 53%
[11:43:04] [Server thread/INFO]: Changing view distance to 8, from 10
[11:43:05] [main/WARN]: Couldn't look up profile properties for com.mojang.authlib.GameProfile@5aaee8e9[id=1e92cadb-e057-30f8-a789-5ce10551ba1e,name=Player563,properties={},legacy=false]
com.mojang.authlib.exceptions.AuthenticationUnavailableException: Cannot contact authentication server
	at com.mojang.authlib.yggdrasil.YggdrasilAuthenticationService.makeRequest(YggdrasilAuthenticationService.java:85) ~[YggdrasilAuthenticationService.class:?]
	at com.mojang.authlib.yggdrasil.YggdrasilMinecraftSessionService.fillGameProfile(YggdrasilMinecraftSessionService.java:180) [YggdrasilMinecraftSessionService.class:?]
	at com.mojang.authlib.yggdrasil.YggdrasilMinecraftSessionService.fillProfileProperties(YggdrasilMinecraftSessionService.java:173) [YggdrasilMinecraftSessionService.class:?]
	at net.minecraft.client.Minecraft.launchIntegratedServer(Minecraft.java:2549) [Minecraft.class:?]
	at net.minecraftforge.fml.client.FMLClientHandler.tryLoadExistingWorld(FMLClientHandler.java:768) [FMLClientHandler.class:?]
	at net.minecraft.client.gui.GuiListWorldSelectionEntry.loadWorld(GuiListWorldSelectionEntry.java:253) [GuiListWorldSelectionEntry.class:?]
	at net.minecraft.client.gui.GuiListWorldSelectionEntry.joinWorld(GuiListWorldSelectionEntry.java:203) [GuiListWorldSelectionEntry.class:?]
	at net.minecraft.client.gui.GuiListWorldSelectionEntry.mousePressed(GuiListWorldSelectionEntry.java:167) [GuiListWorldSelectionEntry.class:?]
	at net.minecraft.client.gui.GuiListExtended.mouseClicked(GuiListExtended.java:57) [GuiListExtended.class:?]
	at net.minecraft.client.gui.GuiWorldSelection.mouseClicked(GuiWorldSelection.java:134) [GuiWorldSelection.class:?]
	at net.minecraft.client.gui.GuiScreen.handleMouseInput(GuiScreen.java:611) [GuiScreen.class:?]
	at net.minecraft.client.gui.GuiWorldSelection.handleMouseInput(GuiWorldSelection.java:49) [GuiWorldSelection.class:?]
	at net.minecraft.client.gui.GuiScreen.handleInput(GuiScreen.java:576) [GuiScreen.class:?]
	at net.minecraft.client.Minecraft.runTick(Minecraft.java:1884) [Minecraft.class:?]
	at net.minecraft.client.Minecraft.runGameLoop(Minecraft.java:1186) [Minecraft.class:?]
	at net.minecraft.client.Minecraft.run(Minecraft.java:441) [Minecraft.class:?]
	at net.minecraft.client.main.Main.main(Main.java:118) [Main.class:?]
	at sun.reflect.NativeMethodAccessorImpl.invoke0(Native Method) ~[?:1.8.0_151]
	at sun.reflect.NativeMethodAccessorImpl.invoke(Unknown Source) ~[?:1.8.0_151]
	at sun.reflect.DelegatingMethodAccessorImpl.invoke(Unknown Source) ~[?:1.8.0_151]
	at java.lang.reflect.Method.invoke(Unknown Source) ~[?:1.8.0_151]
	at net.minecraft.launchwrapper.Launch.launch(Launch.java:135) [launchwrapper-1.12.jar:?]
	at net.minecraft.launchwrapper.Launch.main(Launch.java:28) [launchwrapper-1.12.jar:?]
	at sun.reflect.NativeMethodAccessorImpl.invoke0(Native Method) ~[?:1.8.0_151]
	at sun.reflect.NativeMethodAccessorImpl.invoke(Unknown Source) ~[?:1.8.0_151]
	at sun.reflect.DelegatingMethodAccessorImpl.invoke(Unknown Source) ~[?:1.8.0_151]
	at java.lang.reflect.Method.invoke(Unknown Source) ~[?:1.8.0_151]
	at net.minecraftforge.gradle.GradleStartCommon.launch(GradleStartCommon.java:97) [start/:?]
	at GradleStart.main(GradleStart.java:26) [start/:?]
Caused by: java.net.UnknownHostException: sessionserver.mojang.com
	at java.net.AbstractPlainSocketImpl.connect(Unknown Source) ~[?:1.8.0_151]
	at java.net.PlainSocketImpl.connect(Unknown Source) ~[?:1.8.0_151]
	at java.net.SocksSocketImpl.connect(Unknown Source) ~[?:1.8.0_151]
	at java.net.Socket.connect(Unknown Source) ~[?:1.8.0_151]
	at sun.security.ssl.SSLSocketImpl.connect(Unknown Source) ~[?:1.8.0_151]
	at sun.net.NetworkClient.doConnect(Unknown Source) ~[?:1.8.0_151]
	at sun.net.www.http.HttpClient.openServer(Unknown Source) ~[?:1.8.0_151]
	at sun.net.www.http.HttpClient.openServer(Unknown Source) ~[?:1.8.0_151]
	at sun.net.www.protocol.https.HttpsClient.<init>(Unknown Source) ~[?:1.8.0_151]
	at sun.net.www.protocol.https.HttpsClient.New(Unknown Source) ~[?:1.8.0_151]
	at sun.net.www.protocol.https.AbstractDelegateHttpsURLConnection.getNewHttpClient(Unknown Source) ~[?:1.8.0_151]
	at sun.net.www.protocol.http.HttpURLConnection.plainConnect0(Unknown Source) ~[?:1.8.0_151]
	at sun.net.www.protocol.http.HttpURLConnection$6.run(Unknown Source) ~[?:1.8.0_151]
	at sun.net.www.protocol.http.HttpURLConnection$6.run(Unknown Source) ~[?:1.8.0_151]
	at java.security.AccessController.doPrivileged(Native Method) ~[?:1.8.0_151]
	at java.security.AccessController.doPrivilegedWithCombiner(Unknown Source) ~[?:1.8.0_151]
	at sun.net.www.protocol.http.HttpURLConnection.plainConnect(Unknown Source) ~[?:1.8.0_151]
	at sun.net.www.protocol.https.AbstractDelegateHttpsURLConnection.connect(Unknown Source) ~[?:1.8.0_151]
	at sun.net.www.protocol.http.HttpURLConnection.getInputStream0(Unknown Source) ~[?:1.8.0_151]
	at sun.net.www.protocol.http.HttpURLConnection.access$200(Unknown Source) ~[?:1.8.0_151]
	at sun.net.www.protocol.http.HttpURLConnection$9.run(Unknown Source) ~[?:1.8.0_151]
	at sun.net.www.protocol.http.HttpURLConnection$9.run(Unknown Source) ~[?:1.8.0_151]
	at java.security.AccessController.doPrivileged(Native Method) ~[?:1.8.0_151]
	at java.security.AccessController.doPrivilegedWithCombiner(Unknown Source) ~[?:1.8.0_151]
	at sun.net.www.protocol.http.HttpURLConnection.getInputStream(Unknown Source) ~[?:1.8.0_151]
	at sun.net.www.protocol.https.HttpsURLConnectionImpl.getInputStream(Unknown Source) ~[?:1.8.0_151]
	at com.mojang.authlib.HttpAuthenticationService.performGetRequest(HttpAuthenticationService.java:130) ~[HttpAuthenticationService.class:?]
	at com.mojang.authlib.yggdrasil.YggdrasilAuthenticationService.makeRequest(YggdrasilAuthenticationService.java:66) ~[YggdrasilAuthenticationService.class:?]
	... 28 more
[11:43:06] [Server thread/INFO]: Player563[local:E:4f9a7e3e] logged in with entity id 133 at (1238.3008574025787, 56.0, -974.3716909540436)
[11:43:06] [Server thread/INFO]: Player563 joined the game
[11:43:07] [Server thread/INFO]: Saving and pausing game...
[11:43:08] [Server thread/INFO]: Saving chunks for level 'Regular Testing'/overworld
[11:43:08] [Server thread/INFO]: Saving chunks for level 'Regular Testing'/the_nether
[11:43:08] [Server thread/INFO]: Saving chunks for level 'Regular Testing'/the_end
[11:43:10] [pool-2-thread-1/WARN]: Couldn't look up profile properties for com.mojang.authlib.GameProfile@6402e595[id=1e92cadb-e057-30f8-a789-5ce10551ba1e,name=Player563,properties={},legacy=false]
com.mojang.authlib.exceptions.AuthenticationUnavailableException: Cannot contact authentication server
	at com.mojang.authlib.yggdrasil.YggdrasilAuthenticationService.makeRequest(YggdrasilAuthenticationService.java:85) ~[YggdrasilAuthenticationService.class:?]
	at com.mojang.authlib.yggdrasil.YggdrasilMinecraftSessionService.fillGameProfile(YggdrasilMinecraftSessionService.java:180) [YggdrasilMinecraftSessionService.class:?]
	at com.mojang.authlib.yggdrasil.YggdrasilMinecraftSessionService$1.load(YggdrasilMinecraftSessionService.java:60) [YggdrasilMinecraftSessionService$1.class:?]
	at com.mojang.authlib.yggdrasil.YggdrasilMinecraftSessionService$1.load(YggdrasilMinecraftSessionService.java:57) [YggdrasilMinecraftSessionService$1.class:?]
	at com.google.common.cache.LocalCache$LoadingValueReference.loadFuture(LocalCache.java:3716) [guava-21.0.jar:?]
	at com.google.common.cache.LocalCache$Segment.loadSync(LocalCache.java:2424) [guava-21.0.jar:?]
	at com.google.common.cache.LocalCache$Segment.lockedGetOrLoad(LocalCache.java:2298) [guava-21.0.jar:?]
	at com.google.common.cache.LocalCache$Segment.get(LocalCache.java:2211) [guava-21.0.jar:?]
	at com.google.common.cache.LocalCache.get(LocalCache.java:4154) [guava-21.0.jar:?]
	at com.google.common.cache.LocalCache.getOrLoad(LocalCache.java:4158) [guava-21.0.jar:?]
	at com.google.common.cache.LocalCache$LocalLoadingCache.get(LocalCache.java:5147) [guava-21.0.jar:?]
	at com.google.common.cache.LocalCache$LocalLoadingCache.getUnchecked(LocalCache.java:5153) [guava-21.0.jar:?]
	at com.mojang.authlib.yggdrasil.YggdrasilMinecraftSessionService.fillProfileProperties(YggdrasilMinecraftSessionService.java:170) [YggdrasilMinecraftSessionService.class:?]
	at net.minecraft.client.Minecraft.getProfileProperties(Minecraft.java:3190) [Minecraft.class:?]
	at net.minecraft.client.resources.SkinManager$3.run(SkinManager.java:138) [SkinManager$3.class:?]
	at java.util.concurrent.Executors$RunnableAdapter.call(Unknown Source) [?:1.8.0_151]
	at java.util.concurrent.FutureTask.run(Unknown Source) [?:1.8.0_151]
	at java.util.concurrent.ThreadPoolExecutor.runWorker(Unknown Source) [?:1.8.0_151]
	at java.util.concurrent.ThreadPoolExecutor$Worker.run(Unknown Source) [?:1.8.0_151]
	at java.lang.Thread.run(Unknown Source) [?:1.8.0_151]
Caused by: java.net.UnknownHostException: sessionserver.mojang.com
	at java.net.AbstractPlainSocketImpl.connect(Unknown Source) ~[?:1.8.0_151]
	at java.net.PlainSocketImpl.connect(Unknown Source) ~[?:1.8.0_151]
	at java.net.SocksSocketImpl.connect(Unknown Source) ~[?:1.8.0_151]
	at java.net.Socket.connect(Unknown Source) ~[?:1.8.0_151]
	at sun.security.ssl.SSLSocketImpl.connect(Unknown Source) ~[?:1.8.0_151]
	at sun.net.NetworkClient.doConnect(Unknown Source) ~[?:1.8.0_151]
	at sun.net.www.http.HttpClient.openServer(Unknown Source) ~[?:1.8.0_151]
	at sun.net.www.http.HttpClient.openServer(Unknown Source) ~[?:1.8.0_151]
	at sun.net.www.protocol.https.HttpsClient.<init>(Unknown Source) ~[?:1.8.0_151]
	at sun.net.www.protocol.https.HttpsClient.New(Unknown Source) ~[?:1.8.0_151]
	at sun.net.www.protocol.https.AbstractDelegateHttpsURLConnection.getNewHttpClient(Unknown Source) ~[?:1.8.0_151]
	at sun.net.www.protocol.http.HttpURLConnection.plainConnect0(Unknown Source) ~[?:1.8.0_151]
	at sun.net.www.protocol.http.HttpURLConnection$6.run(Unknown Source) ~[?:1.8.0_151]
	at sun.net.www.protocol.http.HttpURLConnection$6.run(Unknown Source) ~[?:1.8.0_151]
	at java.security.AccessController.doPrivileged(Native Method) ~[?:1.8.0_151]
	at java.security.AccessController.doPrivilegedWithCombiner(Unknown Source) ~[?:1.8.0_151]
	at sun.net.www.protocol.http.HttpURLConnection.plainConnect(Unknown Source) ~[?:1.8.0_151]
	at sun.net.www.protocol.https.AbstractDelegateHttpsURLConnection.connect(Unknown Source) ~[?:1.8.0_151]
	at sun.net.www.protocol.http.HttpURLConnection.getInputStream0(Unknown Source) ~[?:1.8.0_151]
	at sun.net.www.protocol.http.HttpURLConnection.access$200(Unknown Source) ~[?:1.8.0_151]
	at sun.net.www.protocol.http.HttpURLConnection$9.run(Unknown Source) ~[?:1.8.0_151]
	at sun.net.www.protocol.http.HttpURLConnection$9.run(Unknown Source) ~[?:1.8.0_151]
	at java.security.AccessController.doPrivileged(Native Method) ~[?:1.8.0_151]
	at java.security.AccessController.doPrivilegedWithCombiner(Unknown Source) ~[?:1.8.0_151]
	at sun.net.www.protocol.http.HttpURLConnection.getInputStream(Unknown Source) ~[?:1.8.0_151]
	at sun.net.www.protocol.https.HttpsURLConnectionImpl.getInputStream(Unknown Source) ~[?:1.8.0_151]
	at com.mojang.authlib.HttpAuthenticationService.performGetRequest(HttpAuthenticationService.java:130) ~[HttpAuthenticationService.class:?]
	at com.mojang.authlib.yggdrasil.YggdrasilAuthenticationService.makeRequest(YggdrasilAuthenticationService.java:66) ~[YggdrasilAuthenticationService.class:?]
	... 19 more
[11:44:05] [main/INFO]: [CHAT] §2You have the ability to fly now!
[11:45:47] [Server thread/INFO]: [Player563: Object successfully summoned]
[11:45:47] [main/INFO]: [CHAT] Object successfully summoned
[11:45:55] [Server thread/INFO]: [Player563: Given [Bow] * 1 to Player563]
[11:45:55] [main/INFO]: [CHAT] Given [Bow] * 1 to Player563
[11:45:55] [main/INFO]: Loaded 2 advancements
[11:46:03] [Server thread/INFO]: [Player563: Given [Spectral Arrow] * 64 to Player563]
[11:46:03] [main/INFO]: [CHAT] Given [Spectral Arrow] * 64 to Player563
[11:46:23] [main/INFO]: Loaded 11 advancements
[11:46:31] [main/INFO]: [CHAT] minecraft:villager, minecraft:villager_golem
[11:46:32] [main/INFO]: [CHAT] minecraft:villager, minecraft:villager_golem
[11:46:33] [Server thread/INFO]: [Player563: Object successfully summoned]
[11:46:33] [main/INFO]: [CHAT] Object successfully summoned
[11:47:25] [Server thread/INFO]: Player563 didn't become the Incredible Hulk
[11:47:25] [main/INFO]: [CHAT] Player563 didn't become the Incredible Hulk
[11:47:25] [main/INFO]: [CHAT] §4You cannot fly anymore...
[11:47:59] [main/INFO]: [CHAT] §2You have the ability to fly now!
[11:49:45] [Server thread/INFO]: Player563 didn't become the Incredible Hulk
[11:49:45] [main/INFO]: [CHAT] Player563 didn't become the Incredible Hulk
[11:49:45] [main/INFO]: [CHAT] §4You cannot fly anymore...
[11:50:09] [Server thread/INFO]: [Player563: Given [Uranium Pickaxe] * 1 to Player563]
[11:50:09] [main/INFO]: [CHAT] Given [Uranium Pickaxe] * 1 to Player563
[11:50:29] [main/INFO]: Stopping!
[11:50:30] [Server thread/INFO]: Stopping server
[11:50:30] [Server thread/INFO]: Saving players
[11:50:30] [Server thread/INFO]: Saving worlds
[11:50:30] [Server thread/INFO]: Saving chunks for level 'Regular Testing'/overworld
[11:50:30] [Server thread/INFO]: Saving chunks for level 'Regular Testing'/the_nether
[11:50:30] [Server thread/INFO]: Saving chunks for level 'Regular Testing'/the_end
[11:50:30] [main/INFO]: SoundSystem shutting down...
[11:50:30] [main/WARN]: Author: Paul Lamb, www.paulscode.com
